# JRE version: OpenJDK Runtime Environment Temurin-21.0.9+10 (21.0.9+10) (build 21.0.9+10-LTS)
# Java VM: OpenJDK 64-Bit Server VM Temurin-21.0.9+10 (21.0.9+10-LTS, mixed mode, sharing, tiered, compressed oops, compressed class ptrs, parallel gc, windows-amd64)
GC Precious Log:
 CardTable entry size: 512
 CPUs: 8 total, 8 available
 Memory: 7876M
 Large Page Support: Disabled
 NUMA Support: Disabled
 Compressed Oops: Enabled (32-bit)
 Alignments: Space 512K, Generation 512K, Heap 2M
 Heap Min Capacity: 100M
 Heap Initial Capacity: 100M
 Heap Max Capacity: 2G
 Pre-touch: Disabled
 Parallel Workers: 8
Heap:
 PSYoungGen      total 5632K, used 3170K [0x00000000d5580000, 0x00000000d5e00000, 0x0000000100000000)
  eden space 3072K, 34% used [0x00000000d5580000,0x00000000d568c8c8,0x00000000d5880000)
  from space 2560K, 81% used [0x00000000d5b80000,0x00000000d5d8c000,0x00000000d5e00000)
  to   space 2560K, 0% used [0x00000000d5900000,0x00000000d5900000,0x00000000d5b80000)
 ParOldGen       total 922624K, used 922227K [0x0000000080000000, 0x00000000b8500000, 0x00000000d5580000)
  object space 922624K, 99% used [0x0000000080000000,0x00000000b849cc50,0x00000000b8500000)
 Metaspace       used 86027K, committed 87808K, reserved 1179648K
  class space    used 8810K, committed 9600K, reserved 1048576K
GC Heap History (20 events):
Event: 3530.067 GC heap before
{Heap before GC invocations=1187 (full 4):
 PSYoungGen      total 3584K, used 3072K [0x00000000d5580000, 0x00000000d5c80000, 0x0000000100000000)
  eden space 2048K, 100% used [0x00000000d5580000,0x00000000d5780000,0x00000000d5780000)
  from space 1536K, 66% used [0x00000000d5b00000,0x00000000d5c00010,0x00000000d5c80000)
  to   space 1536K, 0% used [0x00000000d5980000,0x00000000d5980000,0x00000000d5b00000)
 ParOldGen       total 912896K, used 912884K [0x0000000080000000, 0x00000000b7b80000, 0x00000000d5580000)
  object space 912896K, 99% used [0x0000000080000000,0x00000000b7b7d140,0x00000000b7b80000)
 Metaspace       used 85973K, committed 87744K, reserved 1179648K
  class space    used 8810K, committed 9600K, reserved 1048576K
}
Event: 3530.076 GC heap after
{Heap after GC invocations=1187 (full 4):
 PSYoungGen      total 2560K, used 192K [0x00000000d5580000, 0x00000000d5b80000, 0x0000000100000000)
  eden space 2048K, 0% used [0x00000000d5580000,0x00000000d5580000,0x00000000d5780000)
  from space 512K, 37% used [0x00000000d5980000,0x00000000d59b0000,0x00000000d5a00000)
  to   space 1024K, 0% used [0x00000000d5a80000,0x00000000d5a80000,0x00000000d5b80000)
 ParOldGen       total 913920K, used 913572K [0x0000000080000000, 0x00000000b7c80000, 0x00000000d5580000)
  object space 913920K, 99% used [0x0000000080000000,0x00000000b7c29140,0x00000000b7c80000)
 Metaspace       used 85973K, committed 87744K, reserved 1179648K
  class space    used 8810K, committed 9600K, reserved 1048576K
}
Event: 3530.103 GC heap before
{Heap before GC invocations=1188 (full 4):
 PSYoungGen      total 2560K, used 2240K [0x00000000d5580000, 0x00000000d5b80000, 0x0000000100000000)
  eden space 2048K, 100% used [0x00000000d5580000,0x00000000d5780000,0x00000000d5780000)
  from space 512K, 37% used [0x00000000d5980000,0x00000000d59b0000,0x00000000d5a00000)
  to   space 1024K, 0% used [0x00000000d5a80000,0x00000000d5a80000,0x00000000d5b80000)
 ParOldGen       total 913920K, used 913572K [0x0000000080000000, 0x00000000b7c80000, 0x00000000d5580000)
  object space 913920K, 99% used [0x0000000080000000,0x00000000b7c29140,0x00000000b7c80000)
 Metaspace       used 85977K, committed 87744K, reserved 1179648K
  class space    used 8810K, committed 9600K, reserved 1048576K
}
Event: 3530.112 GC heap after
{Heap after GC invocations=1188 (full 4):
 PSYoungGen      total 2560K, used 368K [0x00000000d5580000, 0x00000000d5b00000, 0x0000000100000000)
  eden space 2048K, 0% used [0x00000000d5580000,0x00000000d5580000,0x00000000d5780000)
  from space 512K, 71% used [0x00000000d5a80000,0x00000000d5adc010,0x00000000d5b00000)
  to   space 512K, 0% used [0x00000000d5980000,0x00000000d5980000,0x00000000d5a00000)
 ParOldGen       total 913920K, used 913620K [0x0000000080000000, 0x00000000b7c80000, 0x00000000d5580000)
  object space 913920K, 99% used [0x0000000080000000,0x00000000b7c35140,0x00000000b7c80000)
 Metaspace       used 85977K, committed 87744K, reserved 1179648K
  class space    used 8810K, committed 9600K, reserved 1048576K
}
Event: 3531.233 GC heap before
{Heap before GC invocations=1189 (full 4):
 PSYoungGen      total 2560K, used 2416K [0x00000000d5580000, 0x00000000d5b00000, 0x0000000100000000)
  eden space 2048K, 100% used [0x00000000d5580000,0x00000000d5780000,0x00000000d5780000)
  from space 512K, 71% used [0x00000000d5a80000,0x00000000d5adc010,0x00000000d5b00000)
  to   space 512K, 0% used [0x00000000d5980000,0x00000000d5980000,0x00000000d5a00000)
 ParOldGen       total 913920K, used 913620K [0x0000000080000000, 0x00000000b7c80000, 0x00000000d5580000)
  object space 913920K, 99% used [0x0000000080000000,0x00000000b7c35140,0x00000000b7c80000)
 Metaspace       used 85977K, committed 87744K, reserved 1179648K
  class space    used 8810K, committed 9600K, reserved 1048576K
}
Event: 3531.238 GC heap after
{Heap after GC invocations=1189 (full 4):
 PSYoungGen      total 2560K, used 192K [0x00000000d5580000, 0x00000000d5b00000, 0x0000000100000000)
  eden space 2048K, 0% used [0x00000000d5580000,0x00000000d5580000,0x00000000d5780000)
  from space 512K, 37% used [0x00000000d5980000,0x00000000d59b0000,0x00000000d5a00000)
  to   space 512K, 0% used [0x00000000d5a80000,0x00000000d5a80000,0x00000000d5b00000)
 ParOldGen       total 913920K, used 913620K [0x0000000080000000, 0x00000000b7c80000, 0x00000000d5580000)
  object space 913920K, 99% used [0x0000000080000000,0x00000000b7c35140,0x00000000b7c80000)
 Metaspace       used 85977K, committed 87744K, reserved 1179648K
  class space    used 8810K, committed 9600K, reserved 1048576K
}
Event: 3536.094 GC heap before
{Heap before GC invocations=1190 (full 4):
 PSYoungGen      total 2560K, used 2209K [0x00000000d5580000, 0x00000000d5b00000, 0x0000000100000000)
  eden space 2048K, 98% used [0x00000000d5580000,0x00000000d57785d0,0x00000000d5780000)
  from space 512K, 37% used [0x00000000d5980000,0x00000000d59b0000,0x00000000d5a00000)
  to   space 512K, 0% used [0x00000000d5a80000,0x00000000d5a80000,0x00000000d5b00000)
 ParOldGen       total 913920K, used 913620K [0x0000000080000000, 0x00000000b7c80000, 0x00000000d5580000)
  object space 913920K, 99% used [0x0000000080000000,0x00000000b7c35140,0x00000000b7c80000)
 Metaspace       used 85978K, committed 87744K, reserved 1179648K
  class space    used 8810K, committed 9600K, reserved 1048576K
}
Event: 3536.098 GC heap after
{Heap after GC invocations=1190 (full 4):
 PSYoungGen      total 2560K, used 224K [0x00000000d5580000, 0x00000000d5b00000, 0x0000000100000000)
  eden space 2048K, 0% used [0x00000000d5580000,0x00000000d5580000,0x00000000d5780000)
  from space 512K, 43% used [0x00000000d5a80000,0x00000000d5ab8000,0x00000000d5b00000)
  to   space 512K, 0% used [0x00000000d5980000,0x00000000d5980000,0x00000000d5a00000)
 ParOldGen       total 913920K, used 913652K [0x0000000080000000, 0x00000000b7c80000, 0x00000000d5580000)
  object space 913920K, 99% used [0x0000000080000000,0x00000000b7c3d140,0x00000000b7c80000)
 Metaspace       used 85978K, committed 87744K, reserved 1179648K
  class space    used 8810K, committed 9600K, reserved 1048576K
}
Event: 3536.103 GC heap before
{Heap before GC invocations=1191 (full 4):
 PSYoungGen      total 2560K, used 2272K [0x00000000d5580000, 0x00000000d5b00000, 0x0000000100000000)
  eden space 2048K, 100% used [0x00000000d5580000,0x00000000d5780000,0x00000000d5780000)
  from space 512K, 43% used [0x00000000d5a80000,0x00000000d5ab8000,0x00000000d5b00000)
  to   space 512K, 0% used [0x00000000d5980000,0x00000000d5980000,0x00000000d5a00000)
 ParOldGen       total 913920K, used 913652K [0x0000000080000000, 0x00000000b7c80000, 0x00000000d5580000)
  object space 913920K, 99% used [0x0000000080000000,0x00000000b7c3d140,0x00000000b7c80000)
 Metaspace       used 85978K, committed 87744K, reserved 1179648K
  class space    used 8810K, committed 9600K, reserved 1048576K
}
Event: 3536.109 GC heap after
{Heap after GC invocations=1191 (full 4):
 PSYoungGen      total 3072K, used 493K [0x00000000d5580000, 0x00000000d5d00000, 0x0000000100000000)
  eden space 2560K, 0% used [0x00000000d5580000,0x00000000d5580000,0x00000000d5800000)
  from space 512K, 96% used [0x00000000d5980000,0x00000000d59fb660,0x00000000d5a00000)
  to   space 2560K, 0% used [0x00000000d5a80000,0x00000000d5a80000,0x00000000d5d00000)
 ParOldGen       total 915456K, used 915228K [0x0000000080000000, 0x00000000b7e00000, 0x00000000d5580000)
  object space 915456K, 99% used [0x0000000080000000,0x00000000b7dc7150,0x00000000b7e00000)
 Metaspace       used 85978K, committed 87744K, reserved 1179648K
  class space    used 8810K, committed 9600K, reserved 1048576K
}
Event: 3536.114 GC heap before
{Heap before GC invocations=1192 (full 4):
 PSYoungGen      total 3072K, used 3053K [0x00000000d5580000, 0x00000000d5d00000, 0x0000000100000000)
  eden space 2560K, 100% used [0x00000000d5580000,0x00000000d5800000,0x00000000d5800000)
  from space 512K, 96% used [0x00000000d5980000,0x00000000d59fb660,0x00000000d5a00000)
  to   space 2560K, 0% used [0x00000000d5a80000,0x00000000d5a80000,0x00000000d5d00000)
 ParOldGen       total 915456K, used 915228K [0x0000000080000000, 0x00000000b7e00000, 0x00000000d5580000)
  object space 915456K, 99% used [0x0000000080000000,0x00000000b7dc7150,0x00000000b7e00000)
 Metaspace       used 85978K, committed 87744K, reserved 1179648K
  class space    used 8810K, committed 9600K, reserved 1048576K
}
Event: 3536.121 GC heap after
{Heap after GC invocations=1192 (full 4):
 PSYoungGen      total 4096K, used 2560K [0x00000000d5580000, 0x00000000d5f80000, 0x0000000100000000)
  eden space 1536K, 0% used [0x00000000d5580000,0x00000000d5580000,0x00000000d5700000)
  from space 2560K, 100% used [0x00000000d5a80000,0x00000000d5d00000,0x00000000d5d00000)
  to   space 3584K, 0% used [0x00000000d5700000,0x00000000d5700000,0x00000000d5a80000)
 ParOldGen       total 915968K, used 915769K [0x0000000080000000, 0x00000000b7e80000, 0x00000000d5580000)
  object space 915968K, 99% used [0x0000000080000000,0x00000000b7e4e7b0,0x00000000b7e80000)
 Metaspace       used 85978K, committed 87744K, reserved 1179648K
  class space    used 8810K, committed 9600K, reserved 1048576K
}
Event: 3536.128 GC heap before
{Heap before GC invocations=1193 (full 4):
 PSYoungGen      total 4096K, used 3980K [0x00000000d5580000, 0x00000000d5f80000, 0x0000000100000000)
  eden space 1536K, 92% used [0x00000000d5580000,0x00000000d56e30b0,0x00000000d5700000)
  from space 2560K, 100% used [0x00000000d5a80000,0x00000000d5d00000,0x00000000d5d00000)
  to   space 3584K, 0% used [0x00000000d5700000,0x00000000d5700000,0x00000000d5a80000)
 ParOldGen       total 915968K, used 915769K [0x0000000080000000, 0x00000000b7e80000, 0x00000000d5580000)
  object space 915968K, 99% used [0x0000000080000000,0x00000000b7e4e7b0,0x00000000b7e80000)
 Metaspace       used 85978K, committed 87744K, reserved 1179648K
  class space    used 8810K, committed 9600K, reserved 1048576K
}
Event: 3536.134 GC heap after
{Heap after GC invocations=1193 (full 4):
 PSYoungGen      total 3072K, used 1280K [0x00000000d5580000, 0x00000000d5b80000, 0x0000000100000000)
  eden space 1536K, 0% used [0x00000000d5580000,0x00000000d5580000,0x00000000d5700000)
  from space 1536K, 83% used [0x00000000d5700000,0x00000000d5840000,0x00000000d5880000)
  to   space 2048K, 0% used [0x00000000d5980000,0x00000000d5980000,0x00000000d5b80000)
 ParOldGen       total 918528K, used 918329K [0x0000000080000000, 0x00000000b8100000, 0x00000000d5580000)
  object space 918528K, 99% used [0x0000000080000000,0x00000000b80ce7b0,0x00000000b8100000)
 Metaspace       used 85978K, committed 87744K, reserved 1179648K
  class space    used 8810K, committed 9600K, reserved 1048576K
}
Event: 3536.150 GC heap before
{Heap before GC invocations=1194 (full 4):
 PSYoungGen      total 3072K, used 2815K [0x00000000d5580000, 0x00000000d5b80000, 0x0000000100000000)
  eden space 1536K, 99% used [0x00000000d5580000,0x00000000d56ffff8,0x00000000d5700000)
  from space 1536K, 83% used [0x00000000d5700000,0x00000000d5840000,0x00000000d5880000)
  to   space 2048K, 0% used [0x00000000d5980000,0x00000000d5980000,0x00000000d5b80000)
 ParOldGen       total 918528K, used 918329K [0x0000000080000000, 0x00000000b8100000, 0x00000000d5580000)
  object space 918528K, 99% used [0x0000000080000000,0x00000000b80ce7b0,0x00000000b8100000)
 Metaspace       used 85978K, committed 87744K, reserved 1179648K
  class space    used 8810K, committed 9600K, reserved 1048576K
}
Event: 3536.157 GC heap after
{Heap after GC invocations=1194 (full 4):
 PSYoungGen      total 3584K, used 1408K [0x00000000d5580000, 0x00000000d5b00000, 0x0000000100000000)
  eden space 2048K, 0% used [0x00000000d5580000,0x00000000d5580000,0x00000000d5780000)
  from space 1536K, 91% used [0x00000000d5980000,0x00000000d5ae0000,0x00000000d5b00000)
  to   space 1536K, 0% used [0x00000000d5800000,0x00000000d5800000,0x00000000d5980000)
 ParOldGen       total 919552K, used 919089K [0x0000000080000000, 0x00000000b8200000, 0x00000000d5580000)
  object space 919552K, 99% used [0x0000000080000000,0x00000000b818c7b0,0x00000000b8200000)
 Metaspace       used 85978K, committed 87744K, reserved 1179648K
  class space    used 8810K, committed 9600K, reserved 1048576K
}
Event: 3536.187 GC heap before
{Heap before GC invocations=1195 (full 4):
 PSYoungGen      total 3584K, used 3456K [0x00000000d5580000, 0x00000000d5b00000, 0x0000000100000000)
  eden space 2048K, 100% used [0x00000000d5580000,0x00000000d5780000,0x00000000d5780000)
  from space 1536K, 91% used [0x00000000d5980000,0x00000000d5ae0000,0x00000000d5b00000)
  to   space 1536K, 0% used [0x00000000d5800000,0x00000000d5800000,0x00000000d5980000)
 ParOldGen       total 919552K, used 919089K [0x0000000080000000, 0x00000000b8200000, 0x00000000d5580000)
  object space 919552K, 99% used [0x0000000080000000,0x00000000b818c7b0,0x00000000b8200000)
 Metaspace       used 85981K, committed 87744K, reserved 1179648K
  class space    used 8810K, committed 9600K, reserved 1048576K
}
Event: 3536.193 GC heap after
{Heap after GC invocations=1195 (full 4):
 PSYoungGen      total 4096K, used 1529K [0x00000000d5580000, 0x00000000d5f00000, 0x0000000100000000)
  eden space 2560K, 0% used [0x00000000d5580000,0x00000000d5580000,0x00000000d5800000)
  from space 1536K, 99% used [0x00000000d5800000,0x00000000d597e4a0,0x00000000d5980000)
  to   space 3584K, 0% used [0x00000000d5b80000,0x00000000d5b80000,0x00000000d5f00000)
 ParOldGen       total 921088K, used 920657K [0x0000000080000000, 0x00000000b8380000, 0x00000000d5580000)
  object space 921088K, 99% used [0x0000000080000000,0x00000000b83147b0,0x00000000b8380000)
 Metaspace       used 85981K, committed 87744K, reserved 1179648K
  class space    used 8810K, committed 9600K, reserved 1048576K
}
Event: 3537.434 GC heap before
{Heap before GC invocations=1196 (full 4):
 PSYoungGen      total 4096K, used 4089K [0x00000000d5580000, 0x00000000d5f00000, 0x0000000100000000)
  eden space 2560K, 100% used [0x00000000d5580000,0x00000000d5800000,0x00000000d5800000)
  from space 1536K, 99% used [0x00000000d5800000,0x00000000d597e4a0,0x00000000d5980000)
  to   space 3584K, 0% used [0x00000000d5b80000,0x00000000d5b80000,0x00000000d5f00000)
 ParOldGen       total 921088K, used 920657K [0x0000000080000000, 0x00000000b8380000, 0x00000000d5580000)
  object space 921088K, 99% used [0x0000000080000000,0x00000000b83147b0,0x00000000b8380000)
 Metaspace       used 85981K, committed 87744K, reserved 1179648K
  class space    used 8810K, committed 9600K, reserved 1048576K
}
Event: 3537.459 GC heap after
{Heap after GC invocations=1196 (full 4):
 PSYoungGen      total 5632K, used 2096K [0x00000000d5580000, 0x00000000d5e00000, 0x0000000100000000)
  eden space 3072K, 0% used [0x00000000d5580000,0x00000000d5580000,0x00000000d5880000)
  from space 2560K, 81% used [0x00000000d5b80000,0x00000000d5d8c000,0x00000000d5e00000)
  to   space 2560K, 0% used [0x00000000d5900000,0x00000000d5900000,0x00000000d5b80000)
 ParOldGen       total 922624K, used 922227K [0x0000000080000000, 0x00000000b8500000, 0x00000000d5580000)
  object space 922624K, 99% used [0x0000000080000000,0x00000000b849cc50,0x00000000b8500000)
 Metaspace       used 85981K, committed 87744K, reserved 1179648K
  class space    used 8810K, committed 9600K, reserved 1048576K
}

